{"I:\\Github\\SlugLoop\\server\\routes\\api-doc.js": {"path":"I:\\Github\\SlugLoop\\server\\routes\\api-doc.js","statementMap":{"0":{"start":{"line":1,"column":15},"end":{"line":163,"column":1}},"1":{"start":{"line":166,"column":0},"end":{"line":166,"column":24}}},"fnMap":{},"branchMap":{},"s":{"0":1,"1":1},"f":{},"b":{},"_coverageSchema":"1a1c01bbd47fc00a2c39e90264f33305004495a9","hash":"c7d318feccc4e65e8580cdde3c9263fb534f7e4c"}
,"I:\\Github\\SlugLoop\\server\\routes\\index.js": {"path":"I:\\Github\\SlugLoop\\server\\routes\\index.js","statementMap":{"0":{"start":{"line":1,"column":14},"end":{"line":1,"column":32}},"1":{"start":{"line":2,"column":13},"end":{"line":2,"column":29}},"2":{"start":{"line":3,"column":0},"end":{"line":3,"column":26}},"3":{"start":{"line":6,"column":25},"end":{"line":6,"column":61}},"4":{"start":{"line":7,"column":18},"end":{"line":7,"column":47}},"5":{"start":{"line":8,"column":15},"end":{"line":8,"column":35}},"6":{"start":{"line":11,"column":11},"end":{"line":11,"column":26}},"7":{"start":{"line":12,"column":0},"end":{"line":18,"column":1}},"8":{"start":{"line":19,"column":0},"end":{"line":19,"column":26}},"9":{"start":{"line":21,"column":0},"end":{"line":21,"column":65}},"10":{"start":{"line":22,"column":0},"end":{"line":27,"column":1}},"11":{"start":{"line":29,"column":12},"end":{"line":29,"column":37}},"12":{"start":{"line":31,"column":17},"end":{"line":33,"column":2}},"13":{"start":{"line":35,"column":22},"end":{"line":35,"column":49}},"14":{"start":{"line":38,"column":0},"end":{"line":40,"column":2}},"15":{"start":{"line":39,"column":2},"end":{"line":39,"column":21}},"16":{"start":{"line":42,"column":0},"end":{"line":70,"column":2}},"17":{"start":{"line":43,"column":2},"end":{"line":46,"column":3}},"18":{"start":{"line":44,"column":4},"end":{"line":44,"column":28}},"19":{"start":{"line":45,"column":4},"end":{"line":45,"column":10}},"20":{"start":{"line":47,"column":18},"end":{"line":47,"column":54}},"21":{"start":{"line":48,"column":2},"end":{"line":69,"column":6}},"22":{"start":{"line":51,"column":19},"end":{"line":51,"column":21}},"23":{"start":{"line":52,"column":6},"end":{"line":63,"column":8}},"24":{"start":{"line":54,"column":8},"end":{"line":62,"column":9}},"25":{"start":{"line":56,"column":23},"end":{"line":56,"column":79}},"26":{"start":{"line":57,"column":10},"end":{"line":59,"column":11}},"27":{"start":{"line":58,"column":12},"end":{"line":58,"column":35}},"28":{"start":{"line":61,"column":10},"end":{"line":61,"column":33}},"29":{"start":{"line":64,"column":6},"end":{"line":64,"column":34}},"30":{"start":{"line":67,"column":6},"end":{"line":67,"column":49}},"31":{"start":{"line":68,"column":6},"end":{"line":68,"column":53}},"32":{"start":{"line":73,"column":0},"end":{"line":144,"column":2}},"33":{"start":{"line":74,"column":13},"end":{"line":74,"column":38}},"34":{"start":{"line":75,"column":2},"end":{"line":75,"column":16}},"35":{"start":{"line":78,"column":2},"end":{"line":90,"column":3}},"36":{"start":{"line":88,"column":4},"end":{"line":88,"column":40}},"37":{"start":{"line":89,"column":4},"end":{"line":89,"column":10}},"38":{"start":{"line":92,"column":2},"end":{"line":95,"column":3}},"39":{"start":{"line":93,"column":4},"end":{"line":93,"column":40}},"40":{"start":{"line":94,"column":4},"end":{"line":94,"column":10}},"41":{"start":{"line":98,"column":18},"end":{"line":98,"column":54}},"42":{"start":{"line":101,"column":15},"end":{"line":101,"column":37}},"43":{"start":{"line":103,"column":2},"end":{"line":105,"column":3}},"44":{"start":{"line":104,"column":4},"end":{"line":104,"column":23}},"45":{"start":{"line":107,"column":17},"end":{"line":107,"column":18}},"46":{"start":{"line":108,"column":16},"end":{"line":108,"column":17}},"47":{"start":{"line":111,"column":2},"end":{"line":128,"column":4}},"48":{"start":{"line":112,"column":4},"end":{"line":115,"column":5}},"49":{"start":{"line":113,"column":6},"end":{"line":113,"column":41}},"50":{"start":{"line":114,"column":6},"end":{"line":114,"column":39}},"51":{"start":{"line":118,"column":4},"end":{"line":127,"column":6}},"52":{"start":{"line":131,"column":17},"end":{"line":131,"column":65}},"53":{"start":{"line":132,"column":2},"end":{"line":140,"column":4}},"54":{"start":{"line":134,"column":19},"end":{"line":134,"column":39}},"55":{"start":{"line":135,"column":4},"end":{"line":137,"column":5}},"56":{"start":{"line":136,"column":6},"end":{"line":136,"column":18}},"57":{"start":{"line":138,"column":4},"end":{"line":138,"column":14}},"58":{"start":{"line":139,"column":4},"end":{"line":139,"column":55}},"59":{"start":{"line":143,"column":2},"end":{"line":143,"column":28}},"60":{"start":{"line":147,"column":0},"end":{"line":165,"column":2}},"61":{"start":{"line":148,"column":13},"end":{"line":148,"column":21}},"62":{"start":{"line":150,"column":21},"end":{"line":150,"column":60}},"63":{"start":{"line":152,"column":2},"end":{"line":164,"column":3}},"64":{"start":{"line":154,"column":4},"end":{"line":158,"column":6}},"65":{"start":{"line":161,"column":4},"end":{"line":161,"column":18}},"66":{"start":{"line":163,"column":4},"end":{"line":163,"column":49}},"67":{"start":{"line":167,"column":0},"end":{"line":167,"column":23}}},"fnMap":{"0":{"name":"(anonymous_0)","decl":{"start":{"line":38,"column":16},"end":{"line":38,"column":17}},"loc":{"start":{"line":38,"column":36},"end":{"line":40,"column":1}},"line":38},"1":{"name":"(anonymous_1)","decl":{"start":{"line":42,"column":21},"end":{"line":42,"column":22}},"loc":{"start":{"line":42,"column":41},"end":{"line":70,"column":1}},"line":42},"2":{"name":"(anonymous_2)","decl":{"start":{"line":50,"column":10},"end":{"line":50,"column":11}},"loc":{"start":{"line":50,"column":24},"end":{"line":65,"column":5}},"line":50},"3":{"name":"(anonymous_3)","decl":{"start":{"line":52,"column":23},"end":{"line":52,"column":24}},"loc":{"start":{"line":52,"column":32},"end":{"line":63,"column":7}},"line":52},"4":{"name":"(anonymous_4)","decl":{"start":{"line":66,"column":11},"end":{"line":66,"column":12}},"loc":{"start":{"line":66,"column":20},"end":{"line":69,"column":5}},"line":66},"5":{"name":"(anonymous_5)","decl":{"start":{"line":73,"column":21},"end":{"line":73,"column":22}},"loc":{"start":{"line":73,"column":41},"end":{"line":144,"column":1}},"line":73},"6":{"name":"(anonymous_6)","decl":{"start":{"line":111,"column":20},"end":{"line":111,"column":21}},"loc":{"start":{"line":111,"column":29},"end":{"line":128,"column":3}},"line":111},"7":{"name":"(anonymous_7)","decl":{"start":{"line":132,"column":22},"end":{"line":132,"column":23}},"loc":{"start":{"line":132,"column":31},"end":{"line":140,"column":3}},"line":132},"8":{"name":"(anonymous_8)","decl":{"start":{"line":147,"column":24},"end":{"line":147,"column":25}},"loc":{"start":{"line":147,"column":44},"end":{"line":165,"column":1}},"line":147}},"branchMap":{"0":{"loc":{"start":{"line":43,"column":2},"end":{"line":46,"column":3}},"type":"if","locations":[{"start":{"line":43,"column":2},"end":{"line":46,"column":3}},{"start":{},"end":{}}],"line":43},"1":{"loc":{"start":{"line":54,"column":8},"end":{"line":62,"column":9}},"type":"if","locations":[{"start":{"line":54,"column":8},"end":{"line":62,"column":9}},{"start":{"line":60,"column":15},"end":{"line":62,"column":9}}],"line":54},"2":{"loc":{"start":{"line":57,"column":10},"end":{"line":59,"column":11}},"type":"if","locations":[{"start":{"line":57,"column":10},"end":{"line":59,"column":11}},{"start":{},"end":{}}],"line":57},"3":{"loc":{"start":{"line":78,"column":2},"end":{"line":90,"column":3}},"type":"if","locations":[{"start":{"line":78,"column":2},"end":{"line":90,"column":3}},{"start":{},"end":{}}],"line":78},"4":{"loc":{"start":{"line":79,"column":4},"end":{"line":86,"column":34}},"type":"binary-expr","locations":[{"start":{"line":79,"column":4},"end":{"line":79,"column":9}},{"start":{"line":80,"column":4},"end":{"line":80,"column":12}},{"start":{"line":81,"column":4},"end":{"line":81,"column":13}},{"start":{"line":82,"column":4},"end":{"line":82,"column":13}},{"start":{"line":83,"column":4},"end":{"line":83,"column":15}},{"start":{"line":84,"column":4},"end":{"line":84,"column":13}},{"start":{"line":85,"column":4},"end":{"line":85,"column":13}},{"start":{"line":86,"column":4},"end":{"line":86,"column":34}}],"line":79},"5":{"loc":{"start":{"line":92,"column":2},"end":{"line":95,"column":3}},"type":"if","locations":[{"start":{"line":92,"column":2},"end":{"line":95,"column":3}},{"start":{},"end":{}}],"line":92},"6":{"loc":{"start":{"line":103,"column":2},"end":{"line":105,"column":3}},"type":"if","locations":[{"start":{"line":103,"column":2},"end":{"line":105,"column":3}},{"start":{},"end":{}}],"line":103},"7":{"loc":{"start":{"line":112,"column":4},"end":{"line":115,"column":5}},"type":"if","locations":[{"start":{"line":112,"column":4},"end":{"line":115,"column":5}},{"start":{},"end":{}}],"line":112},"8":{"loc":{"start":{"line":135,"column":4},"end":{"line":137,"column":5}},"type":"if","locations":[{"start":{"line":135,"column":4},"end":{"line":137,"column":5}},{"start":{},"end":{}}],"line":135}},"s":{"0":1,"1":1,"2":1,"3":1,"4":1,"5":1,"6":1,"7":1,"8":1,"9":1,"10":1,"11":1,"12":1,"13":1,"14":1,"15":1,"16":1,"17":0,"18":0,"19":0,"20":0,"21":0,"22":0,"23":0,"24":0,"25":0,"26":0,"27":0,"28":0,"29":0,"30":0,"31":0,"32":1,"33":0,"34":0,"35":0,"36":0,"37":0,"38":0,"39":0,"40":0,"41":0,"42":0,"43":0,"44":0,"45":0,"46":0,"47":0,"48":0,"49":0,"50":0,"51":0,"52":0,"53":0,"54":0,"55":0,"56":0,"57":0,"58":0,"59":0,"60":1,"61":0,"62":0,"63":0,"64":0,"65":0,"66":0,"67":1},"f":{"0":1,"1":0,"2":0,"3":0,"4":0,"5":0,"6":0,"7":0,"8":0},"b":{"0":[0,0],"1":[0,0],"2":[0,0],"3":[0,0],"4":[0,0,0,0,0,0,0,0],"5":[0,0],"6":[0,0],"7":[0,0],"8":[0,0]},"_coverageSchema":"1a1c01bbd47fc00a2c39e90264f33305004495a9","hash":"496ef817ee6267b4d8c2a53ba6553ce317c0ab42"}
}
